Using pre-set license
Built from '2021.1/staging' branch; Version is '2021.1.5f1 (3737af19df53) revision 3618735'; Using compiler version '192528614'; Build Type 'Release'
OS: 'Windows 10 Enterprise; OS build 19042.1526; Version 2009; 64bit' Language: 'ru' Physical Memory: 24491 MB
BatchMode: 1, IsHumanControllingUs: 0, StartBugReporterOnCrash: 0, Is64bit: 1, IsPro: 0

 COMMAND LINE ARGUMENTS:
D:\fraps\unity3d\2021.1.5f1\Editor\Unity.exe
-adb2
-batchMode
-noUpm
-name
AssetImportWorker0
-projectPath
A:/GameUnity/CardTest/CardTest
-logFile
Logs/AssetImportWorker0.log
-srvPort
65354
Successfully changed project path to: A:/GameUnity/CardTest/CardTest
A:/GameUnity/CardTest/CardTest
Using Asset Import Pipeline V2.
Refreshing native plugins compatible for Editor in 101.92 ms, found 2 plugins.
Preloading 0 native plugins for Editor in 0.00 ms.
Initialize engine version: 2021.1.5f1 (3737af19df53)
[Subsystems] Discovering subsystems at path D:/fraps/unity3d/2021.1.5f1/Editor/Data/Resources/UnitySubsystems
[Subsystems] Discovering subsystems at path A:/GameUnity/CardTest/CardTest/Assets
GfxDevice: creating device client; threaded=0; jobified=0
Direct3D:
    Version:  Direct3D 11.0 [level 11.1]
    Renderer: NVIDIA GeForce GTX 1060 6GB (ID=0x1c03)
    Vendor:   NVIDIA
    VRAM:     6052 MB
    Driver:   27.21.14.6677
Initialize mono
Mono path[0] = 'D:/fraps/unity3d/2021.1.5f1/Editor/Data/Managed'
Mono path[1] = 'D:/fraps/unity3d/2021.1.5f1/Editor/Data/MonoBleedingEdge/lib/mono/unityjit'
Mono config path = 'D:/fraps/unity3d/2021.1.5f1/Editor/Data/MonoBleedingEdge/etc'
Using monoOptions --debugger-agent=transport=dt_socket,embedding=1,server=y,suspend=n,address=127.0.0.1:56276
Begin MonoManager ReloadAssembly
Registering precompiled unity dll's ...
Register platform support module: D:/fraps/unity3d/2021.1.5f1/Editor/Data/PlaybackEngines/WindowsStandaloneSupport/UnityEditor.WindowsStandalone.Extensions.dll
Registered in 0.001104 seconds.
Native extension for WindowsStandalone target not found
Refreshing native plugins compatible for Editor in 119.47 ms, found 2 plugins.
Preloading 0 native plugins for Editor in 0.00 ms.
Mono: successfully reloaded assembly
- Completed reload, in  1.504 seconds
Platform modules already initialized, skipping
Registering precompiled user dll's ...
Registered in 0.004285 seconds.
Begin MonoManager ReloadAssembly
Native extension for WindowsStandalone target not found
Refreshing native plugins compatible for Editor in 205.60 ms, found 2 plugins.
Preloading 0 native plugins for Editor in 0.00 ms.
Mono: successfully reloaded assembly
- Completed reload, in  2.075 seconds
Platform modules already initialized, skipping
========================================================================
Worker process is ready to serve import requests
Launched and connected shader compiler UnityShaderCompiler.exe after 0.07 seconds
Refreshing native plugins compatible for Editor in 0.65 ms, found 2 plugins.
Preloading 0 native plugins for Editor in 0.00 ms.
Unloading 3384 Unused Serialized files (Serialized files now loaded: 0)
System memory in use before: 128.2 MB.
System memory in use after: 128.3 MB.

Unloading 31 unused Assets to reduce memory usage. Loaded Objects now: 3840.
Total: 2.536700 ms (FindLiveObjects: 0.268000 ms CreateObjectMapping: 0.208100 ms MarkObjects: 1.934000 ms  DeleteObjects: 0.125300 ms)

========================================================================
Received Import Request.
  path: Assets/Skripts/ChangeTypeDownload.cs
  artifactKey: Guid(c8cd33ef335b1ec46871b1ed93f4b418) Importer(815301076,1909f56bfc062723c751e8b465ee728b)
Start importing Assets/Skripts/ChangeTypeDownload.cs using Guid(c8cd33ef335b1ec46871b1ed93f4b418) Importer(815301076,1909f56bfc062723c751e8b465ee728b)  -> (artifact id: 'b3a4c843733acb4b2a2f2bfed8eed13d') in 0.044395 seconds 
========================================================================
Received Prepare
Registering precompiled user dll's ...
Registered in 0.003146 seconds.
Begin MonoManager ReloadAssembly
Native extension for WindowsStandalone target not found
Refreshing native plugins compatible for Editor in 0.61 ms, found 2 plugins.
Preloading 0 native plugins for Editor in 0.00 ms.
Mono: successfully reloaded assembly
- Completed reload, in  0.967 seconds
Platform modules already initialized, skipping
Refreshing native plugins compatible for Editor in 0.68 ms, found 2 plugins.
Preloading 0 native plugins for Editor in 0.00 ms.
Unloading 3379 Unused Serialized files (Serialized files now loaded: 0)
System memory in use before: 128.3 MB.
System memory in use after: 128.4 MB.

Unloading 19 unused Assets to reduce memory usage. Loaded Objects now: 3844.
Total: 2.861400 ms (FindLiveObjects: 0.307400 ms CreateObjectMapping: 0.288800 ms MarkObjects: 2.170300 ms  DeleteObjects: 0.093700 ms)

========================================================================
Received Import Request.
  Time since last request: 21.280170 seconds.
  path: Assets/Skripts/LoadImageOnUI.cs
  artifactKey: Guid(717ef87238bf31b4eb2d37d788263c72) Importer(815301076,1909f56bfc062723c751e8b465ee728b)
Start importing Assets/Skripts/LoadImageOnUI.cs using Guid(717ef87238bf31b4eb2d37d788263c72) Importer(815301076,1909f56bfc062723c751e8b465ee728b)  -> (artifact id: 'da1a6bd65ffe82d15778c984d619b403') in 0.013953 seconds 
========================================================================
Received Import Request.
  Time since last request: 0.013864 seconds.
  path: Assets/Skripts/TypeDownload.cs
  artifactKey: Guid(be3edef5d8d546f4d893774fbc57d206) Importer(815301076,1909f56bfc062723c751e8b465ee728b)
Start importing Assets/Skripts/TypeDownload.cs using Guid(be3edef5d8d546f4d893774fbc57d206) Importer(815301076,1909f56bfc062723c751e8b465ee728b)  -> (artifact id: '5e1891ea3fcab1b37dc6e5b5c6f4c294') in 0.007468 seconds 
========================================================================
Received Import Request.
  Time since last request: 4.277323 seconds.
  path: Assets/Skripts/DownloadImage.cs
  artifactKey: Guid(49ef46f4650e9b349a9d6febeeba238a) Importer(815301076,1909f56bfc062723c751e8b465ee728b)
Start importing Assets/Skripts/DownloadImage.cs using Guid(49ef46f4650e9b349a9d6febeeba238a) Importer(815301076,1909f56bfc062723c751e8b465ee728b)  -> (artifact id: '6904f7dec98355a1111b8b5b8f0ee981') in 0.008527 seconds 
========================================================================
Received Prepare
Registering precompiled user dll's ...
Registered in 0.003003 seconds.
Begin MonoManager ReloadAssembly
Native extension for WindowsStandalone target not found
Refreshing native plugins compatible for Editor in 0.62 ms, found 2 plugins.
Preloading 0 native plugins for Editor in 0.00 ms.
Mono: successfully reloaded assembly
- Completed reload, in  0.894 seconds
Platform modules already initialized, skipping
Refreshing native plugins compatible for Editor in 0.63 ms, found 2 plugins.
Preloading 0 native plugins for Editor in 0.00 ms.
Unloading 3379 Unused Serialized files (Serialized files now loaded: 0)
System memory in use before: 128.3 MB.
System memory in use after: 128.4 MB.

Unloading 19 unused Assets to reduce memory usage. Loaded Objects now: 3848.
Total: 2.383000 ms (FindLiveObjects: 0.251100 ms CreateObjectMapping: 0.187200 ms MarkObjects: 1.855900 ms  DeleteObjects: 0.087500 ms)

========================================================================
Received Import Request.
  Time since last request: 287.599813 seconds.
  path: Assets/Skripts/DownloadImage.cs
  artifactKey: Guid(49ef46f4650e9b349a9d6febeeba238a) Importer(815301076,1909f56bfc062723c751e8b465ee728b)
Start importing Assets/Skripts/DownloadImage.cs using Guid(49ef46f4650e9b349a9d6febeeba238a) Importer(815301076,1909f56bfc062723c751e8b465ee728b)  -> (artifact id: '405c1f88650ded0fb9993f8a06d7f832') in 0.004908 seconds 
AssetImportWorkerClient::OnTransportError - code=2 error=End of file
